{"config":{"limit":50},"level":"info","message":"Pattern configuration set","pattern":"api:user:*","timestamp":"2026-03-09T11:57:16.262Z"}
{"config":{"limit":100},"key":"api:user:123","level":"info","message":"Configuration override set","timestamp":"2026-03-09T11:57:16.263Z"}
{"config":{"algorithm":"sliding_window","limit":200},"level":"info","message":"Pattern configuration set","pattern":"api:*:status","timestamp":"2026-03-09T11:57:16.263Z"}
{"config":{"limit":10},"expiresAt":1773057426263,"key":"expired:key","level":"info","message":"Configuration override set","timestamp":"2026-03-09T11:57:16.263Z"}
{"config":{"limit":20},"expiresAt":1773057426263,"level":"info","message":"Pattern configuration set","pattern":"expired:*","timestamp":"2026-03-09T11:57:16.264Z"}
{"defaults":{"defaultLimit":500},"level":"info","message":"Default configuration dynamically updated","timestamp":"2026-03-09T11:57:16.264Z"}
{"level":"warn","message":"Circuit breaker [test]: CLOSED → OPEN","timestamp":"2026-03-09T11:57:16.291Z"}
{"level":"warn","message":"Circuit breaker [test]: CLOSED → OPEN","timestamp":"2026-03-09T11:57:16.291Z"}
{"level":"warn","message":"Circuit breaker [test]: CLOSED → OPEN","timestamp":"2026-03-09T11:57:16.292Z"}
{"level":"info","message":"Manual override set for test-key: 500","timestamp":"2026-03-09T11:57:16.304Z"}
{"level":"info","message":"Manual override cleared for test-key","timestamp":"2026-03-09T11:57:16.306Z"}
{"level":"warn","message":"Circuit breaker [test]: OPEN → HALF_OPEN","timestamp":"2026-03-09T11:57:16.443Z"}
{"countries":31,"level":"info","message":"Compliance zone registered","name":"GDPR","timestamp":"2026-03-09T11:57:29.648Z"}
{"countries":1,"level":"info","message":"Compliance zone registered","name":"CCPA","timestamp":"2026-03-09T11:57:29.648Z"}
{"countries":4,"level":"info","message":"Compliance zone registered","name":"RESTRICTED","timestamp":"2026-03-09T11:57:29.649Z"}
{"countries":0,"level":"info","message":"Compliance zone registered","name":"BLOCKED","timestamp":"2026-03-09T11:57:29.649Z"}
{"countries":31,"level":"info","message":"Compliance zone registered","name":"GDPR","timestamp":"2026-03-09T11:57:29.650Z"}
{"countries":1,"level":"info","message":"Compliance zone registered","name":"CCPA","timestamp":"2026-03-09T11:57:29.650Z"}
{"countries":4,"level":"info","message":"Compliance zone registered","name":"RESTRICTED","timestamp":"2026-03-09T11:57:29.650Z"}
{"countries":0,"level":"info","message":"Compliance zone registered","name":"BLOCKED","timestamp":"2026-03-09T11:57:29.650Z"}
{"countries":31,"level":"info","message":"Compliance zone registered","name":"GDPR","timestamp":"2026-03-09T11:57:29.650Z"}
{"countries":1,"level":"info","message":"Compliance zone registered","name":"CCPA","timestamp":"2026-03-09T11:57:29.650Z"}
{"countries":4,"level":"info","message":"Compliance zone registered","name":"RESTRICTED","timestamp":"2026-03-09T11:57:29.651Z"}
{"countries":0,"level":"info","message":"Compliance zone registered","name":"BLOCKED","timestamp":"2026-03-09T11:57:29.651Z"}
{"countries":31,"level":"info","message":"Compliance zone registered","name":"GDPR","timestamp":"2026-03-09T11:57:29.651Z"}
{"countries":1,"level":"info","message":"Compliance zone registered","name":"CCPA","timestamp":"2026-03-09T11:57:29.651Z"}
{"countries":4,"level":"info","message":"Compliance zone registered","name":"RESTRICTED","timestamp":"2026-03-09T11:57:29.651Z"}
{"countries":0,"level":"info","message":"Compliance zone registered","name":"BLOCKED","timestamp":"2026-03-09T11:57:29.651Z"}
{"countries":31,"level":"info","message":"Compliance zone registered","name":"GDPR","timestamp":"2026-03-09T11:57:29.651Z"}
{"countries":1,"level":"info","message":"Compliance zone registered","name":"CCPA","timestamp":"2026-03-09T11:57:29.651Z"}
{"countries":4,"level":"info","message":"Compliance zone registered","name":"RESTRICTED","timestamp":"2026-03-09T11:57:29.651Z"}
{"countries":0,"level":"info","message":"Compliance zone registered","name":"BLOCKED","timestamp":"2026-03-09T11:57:29.652Z"}
{"countries":31,"level":"info","message":"Compliance zone registered","name":"GDPR","timestamp":"2026-03-09T11:57:29.652Z"}
{"countries":1,"level":"info","message":"Compliance zone registered","name":"CCPA","timestamp":"2026-03-09T11:57:29.652Z"}
{"countries":4,"level":"info","message":"Compliance zone registered","name":"RESTRICTED","timestamp":"2026-03-09T11:57:29.652Z"}
{"countries":0,"level":"info","message":"Compliance zone registered","name":"BLOCKED","timestamp":"2026-03-09T11:57:29.652Z"}
{"countries":31,"level":"info","message":"Compliance zone registered","name":"GDPR","timestamp":"2026-03-09T11:57:29.652Z"}
{"countries":1,"level":"info","message":"Compliance zone registered","name":"CCPA","timestamp":"2026-03-09T11:57:29.652Z"}
{"countries":4,"level":"info","message":"Compliance zone registered","name":"RESTRICTED","timestamp":"2026-03-09T11:57:29.652Z"}
{"countries":0,"level":"info","message":"Compliance zone registered","name":"BLOCKED","timestamp":"2026-03-09T11:57:29.653Z"}
{"countries":2,"level":"info","message":"Compliance zone registered","name":"CUSTOM","timestamp":"2026-03-09T11:57:29.653Z"}
{"countries":31,"level":"info","message":"Compliance zone registered","name":"GDPR","timestamp":"2026-03-09T11:57:29.653Z"}
{"countries":1,"level":"info","message":"Compliance zone registered","name":"CCPA","timestamp":"2026-03-09T11:57:29.660Z"}
{"countries":4,"level":"info","message":"Compliance zone registered","name":"RESTRICTED","timestamp":"2026-03-09T11:57:29.660Z"}
{"countries":0,"level":"info","message":"Compliance zone registered","name":"BLOCKED","timestamp":"2026-03-09T11:57:29.660Z"}
{"countries":31,"level":"info","message":"Compliance zone registered","name":"GDPR","timestamp":"2026-03-09T11:57:29.662Z"}
{"countries":1,"level":"info","message":"Compliance zone registered","name":"CCPA","timestamp":"2026-03-09T11:57:29.662Z"}
{"countries":4,"level":"info","message":"Compliance zone registered","name":"RESTRICTED","timestamp":"2026-03-09T11:57:29.662Z"}
{"countries":0,"level":"info","message":"Compliance zone registered","name":"BLOCKED","timestamp":"2026-03-09T11:57:29.662Z"}
{"level":"warn","message":"Circuit breaker [test]: CLOSED → OPEN","timestamp":"2026-03-09T11:57:29.715Z"}
{"count":1,"key":"test-key","level":"warn","limit":5,"message":"Fallback limiter active (Redis unavailable)","timestamp":"2026-03-09T11:57:29.716Z"}
{"count":1,"key":"user:test","level":"warn","limit":50,"message":"Fallback limiter active (Redis unavailable)","timestamp":"2026-03-09T11:57:29.719Z"}
{"count":1,"key":"limited-key","level":"warn","limit":2,"message":"Fallback limiter active (Redis unavailable)","timestamp":"2026-03-09T11:57:29.720Z"}
{"count":2,"key":"limited-key","level":"warn","limit":2,"message":"Fallback limiter active (Redis unavailable)","timestamp":"2026-03-09T11:57:29.720Z"}
{"count":3,"key":"limited-key","level":"warn","limit":2,"message":"Fallback limiter active (Redis unavailable)","timestamp":"2026-03-09T11:57:29.721Z"}
{"count":4,"key":"limited-key","level":"warn","limit":2,"message":"Fallback limiter active (Redis unavailable)","timestamp":"2026-03-09T11:57:29.722Z"}
{"count":5,"key":"limited-key","level":"warn","limit":2,"message":"Fallback limiter active (Redis unavailable)","timestamp":"2026-03-09T11:57:29.722Z"}
{"count":6,"key":"limited-key","level":"warn","limit":2,"message":"Fallback limiter active (Redis unavailable)","timestamp":"2026-03-09T11:57:29.722Z"}
{"count":7,"key":"limited-key","level":"warn","limit":2,"message":"Fallback limiter active (Redis unavailable)","timestamp":"2026-03-09T11:57:29.722Z"}
{"count":8,"key":"limited-key","level":"warn","limit":2,"message":"Fallback limiter active (Redis unavailable)","timestamp":"2026-03-09T11:57:29.722Z"}
{"count":9,"key":"limited-key","level":"warn","limit":2,"message":"Fallback limiter active (Redis unavailable)","timestamp":"2026-03-09T11:57:29.722Z"}
{"count":10,"key":"limited-key","level":"warn","limit":2,"message":"Fallback limiter active (Redis unavailable)","timestamp":"2026-03-09T11:57:29.722Z"}
