{"level":"warn","message":"Circuit breaker [test]: CLOSED → OPEN","timestamp":"2026-03-08T13:27:29.367Z"}
{"level":"warn","message":"Circuit breaker [test]: CLOSED → OPEN","timestamp":"2026-03-08T13:27:29.368Z"}
{"level":"warn","message":"Circuit breaker [test]: CLOSED → OPEN","timestamp":"2026-03-08T13:27:29.368Z"}
{"countries":31,"level":"info","message":"Compliance zone registered","name":"GDPR","timestamp":"2026-03-08T13:27:29.422Z"}
{"countries":1,"level":"info","message":"Compliance zone registered","name":"CCPA","timestamp":"2026-03-08T13:27:29.422Z"}
{"countries":4,"level":"info","message":"Compliance zone registered","name":"RESTRICTED","timestamp":"2026-03-08T13:27:29.422Z"}
{"countries":0,"level":"info","message":"Compliance zone registered","name":"BLOCKED","timestamp":"2026-03-08T13:27:29.422Z"}
{"countries":31,"level":"info","message":"Compliance zone registered","name":"GDPR","timestamp":"2026-03-08T13:27:29.424Z"}
{"countries":1,"level":"info","message":"Compliance zone registered","name":"CCPA","timestamp":"2026-03-08T13:27:29.424Z"}
{"countries":4,"level":"info","message":"Compliance zone registered","name":"RESTRICTED","timestamp":"2026-03-08T13:27:29.424Z"}
{"countries":0,"level":"info","message":"Compliance zone registered","name":"BLOCKED","timestamp":"2026-03-08T13:27:29.424Z"}
{"countries":31,"level":"info","message":"Compliance zone registered","name":"GDPR","timestamp":"2026-03-08T13:27:29.424Z"}
{"countries":1,"level":"info","message":"Compliance zone registered","name":"CCPA","timestamp":"2026-03-08T13:27:29.425Z"}
{"countries":4,"level":"info","message":"Compliance zone registered","name":"RESTRICTED","timestamp":"2026-03-08T13:27:29.425Z"}
{"countries":0,"level":"info","message":"Compliance zone registered","name":"BLOCKED","timestamp":"2026-03-08T13:27:29.425Z"}
{"countries":31,"level":"info","message":"Compliance zone registered","name":"GDPR","timestamp":"2026-03-08T13:27:29.425Z"}
{"countries":1,"level":"info","message":"Compliance zone registered","name":"CCPA","timestamp":"2026-03-08T13:27:29.425Z"}
{"countries":4,"level":"info","message":"Compliance zone registered","name":"RESTRICTED","timestamp":"2026-03-08T13:27:29.425Z"}
{"countries":0,"level":"info","message":"Compliance zone registered","name":"BLOCKED","timestamp":"2026-03-08T13:27:29.425Z"}
{"countries":31,"level":"info","message":"Compliance zone registered","name":"GDPR","timestamp":"2026-03-08T13:27:29.425Z"}
{"countries":1,"level":"info","message":"Compliance zone registered","name":"CCPA","timestamp":"2026-03-08T13:27:29.425Z"}
{"countries":4,"level":"info","message":"Compliance zone registered","name":"RESTRICTED","timestamp":"2026-03-08T13:27:29.426Z"}
{"countries":0,"level":"info","message":"Compliance zone registered","name":"BLOCKED","timestamp":"2026-03-08T13:27:29.426Z"}
{"countries":31,"level":"info","message":"Compliance zone registered","name":"GDPR","timestamp":"2026-03-08T13:27:29.426Z"}
{"countries":1,"level":"info","message":"Compliance zone registered","name":"CCPA","timestamp":"2026-03-08T13:27:29.426Z"}
{"countries":4,"level":"info","message":"Compliance zone registered","name":"RESTRICTED","timestamp":"2026-03-08T13:27:29.426Z"}
{"countries":0,"level":"info","message":"Compliance zone registered","name":"BLOCKED","timestamp":"2026-03-08T13:27:29.426Z"}
{"countries":31,"level":"info","message":"Compliance zone registered","name":"GDPR","timestamp":"2026-03-08T13:27:29.426Z"}
{"countries":1,"level":"info","message":"Compliance zone registered","name":"CCPA","timestamp":"2026-03-08T13:27:29.426Z"}
{"countries":4,"level":"info","message":"Compliance zone registered","name":"RESTRICTED","timestamp":"2026-03-08T13:27:29.426Z"}
{"countries":0,"level":"info","message":"Compliance zone registered","name":"BLOCKED","timestamp":"2026-03-08T13:27:29.426Z"}
{"countries":2,"level":"info","message":"Compliance zone registered","name":"CUSTOM","timestamp":"2026-03-08T13:27:29.426Z"}
{"countries":31,"level":"info","message":"Compliance zone registered","name":"GDPR","timestamp":"2026-03-08T13:27:29.427Z"}
{"countries":1,"level":"info","message":"Compliance zone registered","name":"CCPA","timestamp":"2026-03-08T13:27:29.427Z"}
{"countries":4,"level":"info","message":"Compliance zone registered","name":"RESTRICTED","timestamp":"2026-03-08T13:27:29.427Z"}
{"countries":0,"level":"info","message":"Compliance zone registered","name":"BLOCKED","timestamp":"2026-03-08T13:27:29.427Z"}
{"countries":31,"level":"info","message":"Compliance zone registered","name":"GDPR","timestamp":"2026-03-08T13:27:29.427Z"}
{"countries":1,"level":"info","message":"Compliance zone registered","name":"CCPA","timestamp":"2026-03-08T13:27:29.427Z"}
{"countries":4,"level":"info","message":"Compliance zone registered","name":"RESTRICTED","timestamp":"2026-03-08T13:27:29.427Z"}
{"countries":0,"level":"info","message":"Compliance zone registered","name":"BLOCKED","timestamp":"2026-03-08T13:27:29.427Z"}
{"level":"warn","message":"Circuit breaker [test]: CLOSED → OPEN","timestamp":"2026-03-08T13:27:29.488Z"}
{"count":1,"key":"test-key","level":"warn","limit":5,"message":"Fallback limiter active (Redis unavailable)","timestamp":"2026-03-08T13:27:29.489Z"}
{"count":1,"key":"user:test","level":"warn","limit":50,"message":"Fallback limiter active (Redis unavailable)","timestamp":"2026-03-08T13:27:29.490Z"}
{"count":1,"key":"limited-key","level":"warn","limit":2,"message":"Fallback limiter active (Redis unavailable)","timestamp":"2026-03-08T13:27:29.490Z"}
{"count":2,"key":"limited-key","level":"warn","limit":2,"message":"Fallback limiter active (Redis unavailable)","timestamp":"2026-03-08T13:27:29.490Z"}
{"count":3,"key":"limited-key","level":"warn","limit":2,"message":"Fallback limiter active (Redis unavailable)","timestamp":"2026-03-08T13:27:29.490Z"}
{"count":4,"key":"limited-key","level":"warn","limit":2,"message":"Fallback limiter active (Redis unavailable)","timestamp":"2026-03-08T13:27:29.490Z"}
{"count":5,"key":"limited-key","level":"warn","limit":2,"message":"Fallback limiter active (Redis unavailable)","timestamp":"2026-03-08T13:27:29.490Z"}
{"count":6,"key":"limited-key","level":"warn","limit":2,"message":"Fallback limiter active (Redis unavailable)","timestamp":"2026-03-08T13:27:29.491Z"}
{"count":7,"key":"limited-key","level":"warn","limit":2,"message":"Fallback limiter active (Redis unavailable)","timestamp":"2026-03-08T13:27:29.491Z"}
{"count":8,"key":"limited-key","level":"warn","limit":2,"message":"Fallback limiter active (Redis unavailable)","timestamp":"2026-03-08T13:27:29.491Z"}
{"count":9,"key":"limited-key","level":"warn","limit":2,"message":"Fallback limiter active (Redis unavailable)","timestamp":"2026-03-08T13:27:29.491Z"}
{"count":10,"key":"limited-key","level":"warn","limit":2,"message":"Fallback limiter active (Redis unavailable)","timestamp":"2026-03-08T13:27:29.492Z"}
{"level":"warn","message":"Circuit breaker [test]: OPEN → HALF_OPEN","timestamp":"2026-03-08T13:27:29.525Z"}
{"countries":31,"level":"info","message":"Compliance zone registered","name":"GDPR","timestamp":"2026-03-08T13:39:20.002Z"}
{"countries":1,"level":"info","message":"Compliance zone registered","name":"CCPA","timestamp":"2026-03-08T13:39:20.006Z"}
{"countries":4,"level":"info","message":"Compliance zone registered","name":"RESTRICTED","timestamp":"2026-03-08T13:39:20.006Z"}
{"countries":0,"level":"info","message":"Compliance zone registered","name":"BLOCKED","timestamp":"2026-03-08T13:39:20.006Z"}
{"countries":31,"level":"info","message":"Compliance zone registered","name":"GDPR","timestamp":"2026-03-08T13:39:20.007Z"}
{"countries":1,"level":"info","message":"Compliance zone registered","name":"CCPA","timestamp":"2026-03-08T13:39:20.007Z"}
{"countries":4,"level":"info","message":"Compliance zone registered","name":"RESTRICTED","timestamp":"2026-03-08T13:39:20.008Z"}
{"countries":0,"level":"info","message":"Compliance zone registered","name":"BLOCKED","timestamp":"2026-03-08T13:39:20.008Z"}
{"countries":31,"level":"info","message":"Compliance zone registered","name":"GDPR","timestamp":"2026-03-08T13:39:20.008Z"}
{"countries":1,"level":"info","message":"Compliance zone registered","name":"CCPA","timestamp":"2026-03-08T13:39:20.008Z"}
{"countries":4,"level":"info","message":"Compliance zone registered","name":"RESTRICTED","timestamp":"2026-03-08T13:39:20.008Z"}
{"countries":0,"level":"info","message":"Compliance zone registered","name":"BLOCKED","timestamp":"2026-03-08T13:39:20.008Z"}
{"countries":31,"level":"info","message":"Compliance zone registered","name":"GDPR","timestamp":"2026-03-08T13:39:20.009Z"}
{"countries":1,"level":"info","message":"Compliance zone registered","name":"CCPA","timestamp":"2026-03-08T13:39:20.009Z"}
{"countries":4,"level":"info","message":"Compliance zone registered","name":"RESTRICTED","timestamp":"2026-03-08T13:39:20.009Z"}
{"countries":0,"level":"info","message":"Compliance zone registered","name":"BLOCKED","timestamp":"2026-03-08T13:39:20.009Z"}
{"countries":31,"level":"info","message":"Compliance zone registered","name":"GDPR","timestamp":"2026-03-08T13:39:20.009Z"}
{"countries":1,"level":"info","message":"Compliance zone registered","name":"CCPA","timestamp":"2026-03-08T13:39:20.009Z"}
{"countries":4,"level":"info","message":"Compliance zone registered","name":"RESTRICTED","timestamp":"2026-03-08T13:39:20.009Z"}
{"countries":0,"level":"info","message":"Compliance zone registered","name":"BLOCKED","timestamp":"2026-03-08T13:39:20.009Z"}
{"countries":31,"level":"info","message":"Compliance zone registered","name":"GDPR","timestamp":"2026-03-08T13:39:20.009Z"}
{"countries":1,"level":"info","message":"Compliance zone registered","name":"CCPA","timestamp":"2026-03-08T13:39:20.009Z"}
{"countries":4,"level":"info","message":"Compliance zone registered","name":"RESTRICTED","timestamp":"2026-03-08T13:39:20.009Z"}
{"countries":0,"level":"info","message":"Compliance zone registered","name":"BLOCKED","timestamp":"2026-03-08T13:39:20.009Z"}
{"countries":31,"level":"info","message":"Compliance zone registered","name":"GDPR","timestamp":"2026-03-08T13:39:20.010Z"}
{"countries":1,"level":"info","message":"Compliance zone registered","name":"CCPA","timestamp":"2026-03-08T13:39:20.010Z"}
{"countries":4,"level":"info","message":"Compliance zone registered","name":"RESTRICTED","timestamp":"2026-03-08T13:39:20.010Z"}
{"countries":0,"level":"info","message":"Compliance zone registered","name":"BLOCKED","timestamp":"2026-03-08T13:39:20.010Z"}
{"countries":2,"level":"info","message":"Compliance zone registered","name":"CUSTOM","timestamp":"2026-03-08T13:39:20.010Z"}
{"countries":31,"level":"info","message":"Compliance zone registered","name":"GDPR","timestamp":"2026-03-08T13:39:20.010Z"}
{"countries":1,"level":"info","message":"Compliance zone registered","name":"CCPA","timestamp":"2026-03-08T13:39:20.010Z"}
{"countries":4,"level":"info","message":"Compliance zone registered","name":"RESTRICTED","timestamp":"2026-03-08T13:39:20.010Z"}
{"countries":0,"level":"info","message":"Compliance zone registered","name":"BLOCKED","timestamp":"2026-03-08T13:39:20.010Z"}
{"countries":31,"level":"info","message":"Compliance zone registered","name":"GDPR","timestamp":"2026-03-08T13:39:20.010Z"}
{"countries":1,"level":"info","message":"Compliance zone registered","name":"CCPA","timestamp":"2026-03-08T13:39:20.011Z"}
{"countries":4,"level":"info","message":"Compliance zone registered","name":"RESTRICTED","timestamp":"2026-03-08T13:39:20.011Z"}
{"countries":0,"level":"info","message":"Compliance zone registered","name":"BLOCKED","timestamp":"2026-03-08T13:39:20.011Z"}
{"level":"info","message":"Manual override set for test-key: 500","timestamp":"2026-03-08T13:39:20.005Z"}
{"level":"warn","message":"Circuit breaker [test]: CLOSED → OPEN","timestamp":"2026-03-08T13:39:20.022Z"}
{"count":1,"key":"test-key","level":"warn","limit":5,"message":"Fallback limiter active (Redis unavailable)","timestamp":"2026-03-08T13:39:20.023Z"}
{"count":1,"key":"user:test","level":"warn","limit":50,"message":"Fallback limiter active (Redis unavailable)","timestamp":"2026-03-08T13:39:20.024Z"}
{"count":1,"key":"limited-key","level":"warn","limit":2,"message":"Fallback limiter active (Redis unavailable)","timestamp":"2026-03-08T13:39:20.025Z"}
{"count":2,"key":"limited-key","level":"warn","limit":2,"message":"Fallback limiter active (Redis unavailable)","timestamp":"2026-03-08T13:39:20.025Z"}
{"count":3,"key":"limited-key","level":"warn","limit":2,"message":"Fallback limiter active (Redis unavailable)","timestamp":"2026-03-08T13:39:20.025Z"}
{"count":4,"key":"limited-key","level":"warn","limit":2,"message":"Fallback limiter active (Redis unavailable)","timestamp":"2026-03-08T13:39:20.025Z"}
{"count":5,"key":"limited-key","level":"warn","limit":2,"message":"Fallback limiter active (Redis unavailable)","timestamp":"2026-03-08T13:39:20.025Z"}
{"count":6,"key":"limited-key","level":"warn","limit":2,"message":"Fallback limiter active (Redis unavailable)","timestamp":"2026-03-08T13:39:20.025Z"}
{"count":7,"key":"limited-key","level":"warn","limit":2,"message":"Fallback limiter active (Redis unavailable)","timestamp":"2026-03-08T13:39:20.025Z"}
{"count":8,"key":"limited-key","level":"warn","limit":2,"message":"Fallback limiter active (Redis unavailable)","timestamp":"2026-03-08T13:39:20.025Z"}
{"count":9,"key":"limited-key","level":"warn","limit":2,"message":"Fallback limiter active (Redis unavailable)","timestamp":"2026-03-08T13:39:20.025Z"}
{"count":10,"key":"limited-key","level":"warn","limit":2,"message":"Fallback limiter active (Redis unavailable)","timestamp":"2026-03-08T13:39:20.025Z"}
{"level":"info","message":"Manual override cleared for test-key","timestamp":"2026-03-08T13:39:20.018Z"}
{"level":"warn","message":"Circuit breaker [test]: CLOSED → OPEN","timestamp":"2026-03-08T13:39:20.230Z"}
{"level":"warn","message":"Circuit breaker [test]: CLOSED → OPEN","timestamp":"2026-03-08T13:39:20.230Z"}
{"level":"warn","message":"Circuit breaker [test]: CLOSED → OPEN","timestamp":"2026-03-08T13:39:20.230Z"}
{"level":"warn","message":"Circuit breaker [test]: OPEN → HALF_OPEN","timestamp":"2026-03-08T13:39:20.382Z"}
{"level":"warn","message":"Circuit breaker [test]: CLOSED → OPEN","timestamp":"2026-03-08T13:44:38.890Z"}
{"count":1,"key":"test-key","level":"warn","limit":5,"message":"Fallback limiter active (Redis unavailable)","timestamp":"2026-03-08T13:44:38.891Z"}
{"count":1,"key":"user:test","level":"warn","limit":50,"message":"Fallback limiter active (Redis unavailable)","timestamp":"2026-03-08T13:44:38.892Z"}
{"count":1,"key":"limited-key","level":"warn","limit":2,"message":"Fallback limiter active (Redis unavailable)","timestamp":"2026-03-08T13:44:38.893Z"}
{"count":2,"key":"limited-key","level":"warn","limit":2,"message":"Fallback limiter active (Redis unavailable)","timestamp":"2026-03-08T13:44:38.893Z"}
{"count":3,"key":"limited-key","level":"warn","limit":2,"message":"Fallback limiter active (Redis unavailable)","timestamp":"2026-03-08T13:44:38.893Z"}
{"count":4,"key":"limited-key","level":"warn","limit":2,"message":"Fallback limiter active (Redis unavailable)","timestamp":"2026-03-08T13:44:38.893Z"}
{"count":5,"key":"limited-key","level":"warn","limit":2,"message":"Fallback limiter active (Redis unavailable)","timestamp":"2026-03-08T13:44:38.893Z"}
{"count":6,"key":"limited-key","level":"warn","limit":2,"message":"Fallback limiter active (Redis unavailable)","timestamp":"2026-03-08T13:44:38.893Z"}
{"count":7,"key":"limited-key","level":"warn","limit":2,"message":"Fallback limiter active (Redis unavailable)","timestamp":"2026-03-08T13:44:38.893Z"}
{"count":8,"key":"limited-key","level":"warn","limit":2,"message":"Fallback limiter active (Redis unavailable)","timestamp":"2026-03-08T13:44:38.893Z"}
{"count":9,"key":"limited-key","level":"warn","limit":2,"message":"Fallback limiter active (Redis unavailable)","timestamp":"2026-03-08T13:44:38.893Z"}
{"count":10,"key":"limited-key","level":"warn","limit":2,"message":"Fallback limiter active (Redis unavailable)","timestamp":"2026-03-08T13:44:38.893Z"}
{"countries":31,"level":"info","message":"Compliance zone registered","name":"GDPR","timestamp":"2026-03-08T13:44:38.900Z"}
{"countries":1,"level":"info","message":"Compliance zone registered","name":"CCPA","timestamp":"2026-03-08T13:44:38.900Z"}
{"countries":4,"level":"info","message":"Compliance zone registered","name":"RESTRICTED","timestamp":"2026-03-08T13:44:38.900Z"}
{"countries":0,"level":"info","message":"Compliance zone registered","name":"BLOCKED","timestamp":"2026-03-08T13:44:38.901Z"}
{"countries":31,"level":"info","message":"Compliance zone registered","name":"GDPR","timestamp":"2026-03-08T13:44:38.901Z"}
{"countries":1,"level":"info","message":"Compliance zone registered","name":"CCPA","timestamp":"2026-03-08T13:44:38.902Z"}
{"countries":4,"level":"info","message":"Compliance zone registered","name":"RESTRICTED","timestamp":"2026-03-08T13:44:38.902Z"}
{"countries":0,"level":"info","message":"Compliance zone registered","name":"BLOCKED","timestamp":"2026-03-08T13:44:38.902Z"}
{"countries":31,"level":"info","message":"Compliance zone registered","name":"GDPR","timestamp":"2026-03-08T13:44:38.902Z"}
{"countries":1,"level":"info","message":"Compliance zone registered","name":"CCPA","timestamp":"2026-03-08T13:44:38.902Z"}
{"countries":4,"level":"info","message":"Compliance zone registered","name":"RESTRICTED","timestamp":"2026-03-08T13:44:38.902Z"}
{"countries":0,"level":"info","message":"Compliance zone registered","name":"BLOCKED","timestamp":"2026-03-08T13:44:38.902Z"}
{"countries":31,"level":"info","message":"Compliance zone registered","name":"GDPR","timestamp":"2026-03-08T13:44:38.903Z"}
{"countries":1,"level":"info","message":"Compliance zone registered","name":"CCPA","timestamp":"2026-03-08T13:44:38.903Z"}
{"countries":4,"level":"info","message":"Compliance zone registered","name":"RESTRICTED","timestamp":"2026-03-08T13:44:38.903Z"}
{"countries":0,"level":"info","message":"Compliance zone registered","name":"BLOCKED","timestamp":"2026-03-08T13:44:38.903Z"}
{"countries":31,"level":"info","message":"Compliance zone registered","name":"GDPR","timestamp":"2026-03-08T13:44:38.903Z"}
{"countries":1,"level":"info","message":"Compliance zone registered","name":"CCPA","timestamp":"2026-03-08T13:44:38.903Z"}
{"countries":4,"level":"info","message":"Compliance zone registered","name":"RESTRICTED","timestamp":"2026-03-08T13:44:38.903Z"}
{"countries":0,"level":"info","message":"Compliance zone registered","name":"BLOCKED","timestamp":"2026-03-08T13:44:38.903Z"}
{"countries":31,"level":"info","message":"Compliance zone registered","name":"GDPR","timestamp":"2026-03-08T13:44:38.903Z"}
{"countries":1,"level":"info","message":"Compliance zone registered","name":"CCPA","timestamp":"2026-03-08T13:44:38.903Z"}
{"countries":4,"level":"info","message":"Compliance zone registered","name":"RESTRICTED","timestamp":"2026-03-08T13:44:38.904Z"}
{"countries":0,"level":"info","message":"Compliance zone registered","name":"BLOCKED","timestamp":"2026-03-08T13:44:38.904Z"}
{"countries":31,"level":"info","message":"Compliance zone registered","name":"GDPR","timestamp":"2026-03-08T13:44:38.904Z"}
{"countries":1,"level":"info","message":"Compliance zone registered","name":"CCPA","timestamp":"2026-03-08T13:44:38.904Z"}
{"countries":4,"level":"info","message":"Compliance zone registered","name":"RESTRICTED","timestamp":"2026-03-08T13:44:38.904Z"}
{"countries":0,"level":"info","message":"Compliance zone registered","name":"BLOCKED","timestamp":"2026-03-08T13:44:38.904Z"}
{"countries":2,"level":"info","message":"Compliance zone registered","name":"CUSTOM","timestamp":"2026-03-08T13:44:38.904Z"}
{"countries":31,"level":"info","message":"Compliance zone registered","name":"GDPR","timestamp":"2026-03-08T13:44:38.904Z"}
{"countries":1,"level":"info","message":"Compliance zone registered","name":"CCPA","timestamp":"2026-03-08T13:44:38.905Z"}
{"countries":4,"level":"info","message":"Compliance zone registered","name":"RESTRICTED","timestamp":"2026-03-08T13:44:38.905Z"}
{"countries":0,"level":"info","message":"Compliance zone registered","name":"BLOCKED","timestamp":"2026-03-08T13:44:38.905Z"}
{"countries":31,"level":"info","message":"Compliance zone registered","name":"GDPR","timestamp":"2026-03-08T13:44:38.905Z"}
{"countries":1,"level":"info","message":"Compliance zone registered","name":"CCPA","timestamp":"2026-03-08T13:44:38.905Z"}
{"countries":4,"level":"info","message":"Compliance zone registered","name":"RESTRICTED","timestamp":"2026-03-08T13:44:38.905Z"}
{"countries":0,"level":"info","message":"Compliance zone registered","name":"BLOCKED","timestamp":"2026-03-08T13:44:38.905Z"}
{"level":"info","message":"Manual override set for test-key: 500","timestamp":"2026-03-08T13:44:38.967Z"}
{"level":"info","message":"Manual override cleared for test-key","timestamp":"2026-03-08T13:44:38.969Z"}
{"config":{"limit":50},"level":"info","message":"Pattern configuration set","pattern":"api:user:*","timestamp":"2026-03-08T13:44:39.091Z"}
{"config":{"limit":100},"key":"api:user:123","level":"info","message":"Configuration override set","timestamp":"2026-03-08T13:44:39.092Z"}
{"config":{"algorithm":"sliding_window","limit":200},"level":"info","message":"Pattern configuration set","pattern":"api:*:status","timestamp":"2026-03-08T13:44:39.092Z"}
{"config":{"limit":10},"expiresAt":1772977469092,"key":"expired:key","level":"info","message":"Configuration override set","timestamp":"2026-03-08T13:44:39.092Z"}
{"config":{"limit":20},"expiresAt":1772977469092,"level":"info","message":"Pattern configuration set","pattern":"expired:*","timestamp":"2026-03-08T13:44:39.092Z"}
{"defaults":{"defaultLimit":500},"level":"info","message":"Default configuration dynamically updated","timestamp":"2026-03-08T13:44:39.093Z"}
{"level":"warn","message":"Circuit breaker [test]: CLOSED → OPEN","timestamp":"2026-03-08T13:44:39.106Z"}
{"level":"warn","message":"Circuit breaker [test]: CLOSED → OPEN","timestamp":"2026-03-08T13:44:39.107Z"}
{"level":"warn","message":"Circuit breaker [test]: CLOSED → OPEN","timestamp":"2026-03-08T13:44:39.107Z"}
{"level":"warn","message":"Circuit breaker [test]: OPEN → HALF_OPEN","timestamp":"2026-03-08T13:44:39.258Z"}
